********************************************************************************
DUPLICATOR-LITE PACKAGE-LOG: March 24, 2022 10:44 am
NOTICE: Do NOT post to public sites or forums 
********************************************************************************
VERSION:	1.4.3
WORDPRESS:	5.9.2
PHP INFO:	7.4.3 | SAPI: apache2handler
SERVER:		Apache/2.4.41 (Ubuntu) 
PHP TIME LIMIT: (0) no time limit imposed 
PHP MAX MEMORY: 4294967296 (128M default) 
MEMORY STACK: 2MB

********************************************************************************
DATABASE:
********************************************************************************
BUILD MODE:   MYSQLDUMP
MYSQLTIMEOUT: 5000
MYSQLDUMP:    Is Supported
SQL CREATED: 20220324_d0b1d0bbd0bed0b3incraftby_6985dc9cd38dcc649284_20220324104417_database.sql
SQL FILE SIZE: 1.24MB (1303254)
SQL FILE TIME: 2022-03-24 10:44:27
SQL RUNTIME: 0.23 sec.

********************************************************************************
ARCHIVE (ZIP):
********************************************************************************
ARCHIVE DIR:  /home/knud/Projects/incraft/blog
ARCHIVE FILE: 20220324_d0b1d0bbd0bed0b3incraftby_6985dc9cd38dcc649284_20220324104417_archive.zip
FILTERS: *OFF*
DIRS:
	not set
FILES:
	not set
EXTS:  not set
----------------------------------------
COMPRESSING
SIZE:	60.76MB
STATS:	Dirs 385 | Files 3,131
SQL ADDED: 20220324_d0b1d0bbd0bed0b3incraftby_6985dc9cd38dcc649284_20220324104417_database.sql
ZipArchive Object
(
    [status] => 0
    [statusSys] => 0
    [numFiles] => 3516
    [filename] => /home/knud/Projects/incraft/blog/wp-content/backups-dup-lite/tmp/20220324_d0b1d0bbd0bed0b3incraftby_6985dc9cd38dcc649284_20220324104417_archive.zip
    [comment] => 
)

FILE ADDED TO ZIP: 3515
COMPRESSION RESULT: '1'
COMPRESSED SIZE: 21.7MB
ARCHIVE RUNTIME: 5.61 sec.
MEMORY STACK: 4MB
building installer
add_extra_files1
add_extra_files2
add_extra_files3
add_extra_files4
Doing archive file check
add_extra_files5
add_extra_files6
add_extra_files8
Successfully opened zip /home/knud/Projects/incraft/blog/wp-content/backups-dup-lite/tmp/20220324_d0b1d0bbd0bed0b3incraftby_6985dc9cd38dcc649284_20220324104417_archive.zip
Adding enhanced installer files to archive using ZipArchive
Installer files added to archive
Added to archive
After ziparchive close when adding installer

********************************************************************************
INTEGRITY CHECKS:
********************************************************************************
SQL FILE: 1.24MB
INSTALLER FILE: 62.47KB
ARCHIVE FILE: 22.68MB 
EXPECTED FILE/DIRECTORY COUNT: 3,516
ACTUAL FILE/DIRECTORY COUNT: 3,515
ARCHIVE CONSISTENCY TEST: Pass

********************************************************************************
RECORD ID:[1]
TOTAL PROCESS RUNTIME: 6.50 sec.
PEAK PHP MEMORY USED: 6MB
DONE PROCESSING => 20220324_d0b1d0bbd0bed0b3incraftby March 24, 2022 10:44 am

